-------------------------------------------------------------------------------
Test set: com.inti.SpringRestTD1.controller.EtudiantControllerTests
-------------------------------------------------------------------------------
Tests run: 2, Failures: 1, Errors: 0, Skipped: 0, Time elapsed: 1.913 s <<< FAILURE! - in com.inti.SpringRestTD1.controller.EtudiantControllerTests
testSaveStudent  Time elapsed: 0.124 s  <<< FAILURE!
java.lang.AssertionError: Status expected:<409> but was:<201>
	at com.inti.SpringRestTD1.controller.EtudiantControllerTests.testSaveStudent(EtudiantControllerTests.java:63)

