<?xml version="1.0" encoding="UTF-8"?>
<testsuite xmlns:xsi="http://www.w3.org/2001/XMLSchema-instance" xsi:noNamespaceSchemaLocation="https://maven.apache.org/surefire/maven-surefire-plugin/xsd/surefire-test-report.xsd" name="com.inti.SpringRestTD1.repository.EtudiantRepositoryTests" time="0.11" tests="5" errors="1" skipped="0" failures="0">
  <properties>
[...]
</properties>
  <testcase name="testSaveStudent" classname="com.inti.SpringRestTD1.repository.EtudiantRepositoryTests" time="0.017"/>
  <testcase name="testUpdateEtudiant" classname="com.inti.SpringRestTD1.repository.EtudiantRepositoryTests" time="0.015"/>
  <testcase name="testGetAllStudentsInCity" classname="com.inti.SpringRestTD1.repository.EtudiantRepositoryTests" time="0.044">
    <error type="java.lang.StackOverflowError">java.lang.StackOverflowError
</error>
    <system-out><![CDATA[2022-06-01 12:23:57.984  INFO 2036 --- [           main] o.s.t.c.transaction.TransactionContext   : Began transaction (1) for test context [DefaultTestContext@74eae1e0 testClass = EtudiantRepositoryTests, testInstance = com.inti.SpringRestTD1.repository.EtudiantRepositoryTests@40e90634, testMethod = testGetAllStudentsInCity@EtudiantRepositoryTests, testException = [null], mergedContextConfiguration = [MergedContextConfiguration@506d7fed testClass = EtudiantRepositoryTests, locations = '{}', classes = '{class com.inti.SpringRestTD1.SpringRestTd1Application}', contextInitializerClasses = '[]', activeProfiles = '{}', propertySourceLocations = '{}', propertySourceProperties = '{org.springframework.boot.test.autoconfigure.orm.jpa.DataJpaTestContextBootstrapper=true}', contextCustomizers = set[[ImportsContextCustomizer@1bdb6b36 key = [org.springframework.boot.test.autoconfigure.jdbc.TestDatabaseAutoConfiguration, org.springframework.boot.autoconfigure.jdbc.DataSourceAutoConfiguration, org.springframework.boot.autoconfigure.cache.CacheAutoConfiguration, org.springframework.boot.autoconfigure.data.jpa.JpaRepositoriesAutoConfiguration, org.springframework.boot.autoconfigure.flyway.FlywayAutoConfiguration, org.springframework.boot.autoconfigure.jdbc.DataSourceTransactionManagerAutoConfiguration, org.springframework.boot.autoconfigure.jdbc.JdbcTemplateAutoConfiguration, org.springframework.boot.autoconfigure.liquibase.LiquibaseAutoConfiguration, org.springframework.boot.autoconfigure.orm.jpa.HibernateJpaAutoConfiguration, org.springframework.boot.autoconfigure.sql.init.SqlInitializationAutoConfiguration, org.springframework.boot.autoconfigure.transaction.TransactionAutoConfiguration, org.springframework.boot.test.autoconfigure.orm.jpa.TestEntityManagerAutoConfiguration]], org.springframework.boot.test.context.filter.ExcludeFilterContextCustomizer@305ffe9e, org.springframework.boot.test.json.DuplicateJsonObjectContextCustomizerFactory$DuplicateJsonObjectContextCustomizer@7ae0a9ec, org.springframework.boot.test.mock.mockito.MockitoContextCustomizer@0, org.springframework.boot.test.autoconfigure.OverrideAutoConfigurationContextCustomizerFactory$DisableAutoConfigurationContextCustomizer@3cce5371, org.springframework.boot.test.autoconfigure.actuate.metrics.MetricsExportContextCustomizerFactory$DisableMetricExportContextCustomizer@338fc1d8, org.springframework.boot.test.autoconfigure.filter.TypeExcludeFiltersContextCustomizer@351584c0, org.springframework.boot.test.autoconfigure.properties.PropertyMappingContextCustomizer@5d66b943, org.springframework.boot.test.autoconfigure.web.servlet.WebDriverContextCustomizerFactory$Customizer@1b66c0fb, org.springframework.boot.test.context.SpringBootTestArgs@1, org.springframework.boot.test.context.SpringBootTestWebEnvironment@0], contextLoader = 'org.springframework.boot.test.context.SpringBootContextLoader', parent = [null]], attributes = map['org.springframework.test.context.event.ApplicationEventsTestExecutionListener.recordApplicationEvents' -> false]]; transaction manager [org.springframework.orm.jpa.JpaTransactionManager@49c37918]; rollback [true]
Hibernate: 
    insert 
    into
        etudiant
        (annee_etude, id_ecole, email, nom, prenom, telephone) 
    values
        (?, ?, ?, ?, ?, ?)
Hibernate: 
    Select
        * 
    from
        etudiant etu,
        ecole eco  
    where
        eco.id=etu.id_ecole 
        and eco.ville=?
Hibernate: 
    select
        ecole0_.id as id1_0_0_,
        ecole0_.adresse as adresse2_0_0_,
        ecole0_.cp as cp3_0_0_,
        ecole0_.nom as nom4_0_0_,
        ecole0_.ville as ville5_0_0_ 
    from
        ecole ecole0_ 
    where
        ecole0_.id=?
Hibernate: 
    select
        count(*) as col_0_0_ 
    from
        etudiant etudiant0_
Hibernate: 
    select
        listeprofe0_.id_etu as id_etu2_3_0_,
        listeprofe0_.id_prof as id_prof1_3_0_,
        professeur1_.id as id1_4_1_,
        professeur1_.nom as nom2_4_1_,
        professeur1_.prenom as prenom3_4_1_,
        professeur1_.salaire as salaire4_4_1_ 
    from
        prof_etudiant listeprofe0_ 
    inner join
        professeur professeur1_ 
            on listeprofe0_.id_prof=professeur1_.id 
    where
        listeprofe0_.id_etu=?
Hibernate: 
    select
        listeprofe0_.id_ecole as id_ecole2_2_0_,
        listeprofe0_.id_prof as id_prof1_2_0_,
        professeur1_.id as id1_4_1_,
        professeur1_.nom as nom2_4_1_,
        professeur1_.prenom as prenom3_4_1_,
        professeur1_.salaire as salaire4_4_1_ 
    from
        prof_ecole listeprofe0_ 
    inner join
        professeur professeur1_ 
            on listeprofe0_.id_prof=professeur1_.id 
    where
        listeprofe0_.id_ecole=?
Hibernate: 
    select
        listeetudi0_.id_prof as id_prof1_3_0_,
        listeetudi0_.id_etu as id_etu2_3_0_,
        etudiant1_.id as id1_1_1_,
        etudiant1_.annee_etude as annee_et2_1_1_,
        etudiant1_.id_ecole as id_ecole7_1_1_,
        etudiant1_.email as email3_1_1_,
        etudiant1_.nom as nom4_1_1_,
        etudiant1_.prenom as prenom5_1_1_,
        etudiant1_.telephone as telephon6_1_1_,
        ecole2_.id as id1_0_2_,
        ecole2_.adresse as adresse2_0_2_,
        ecole2_.cp as cp3_0_2_,
        ecole2_.nom as nom4_0_2_,
        ecole2_.ville as ville5_0_2_ 
    from
        prof_etudiant listeetudi0_ 
    inner join
        etudiant etudiant1_ 
            on listeetudi0_.id_etu=etudiant1_.id 
    left outer join
        ecole ecole2_ 
            on etudiant1_.id_ecole=ecole2_.id 
    where
        listeetudi0_.id_prof=?
Hibernate: 
    select
        listeecole0_.id_prof as id_prof1_2_0_,
        listeecole0_.id_ecole as id_ecole2_2_0_,
        ecole1_.id as id1_0_1_,
        ecole1_.adresse as adresse2_0_1_,
        ecole1_.cp as cp3_0_1_,
        ecole1_.nom as nom4_0_1_,
        ecole1_.ville as ville5_0_1_ 
    from
        prof_ecole listeecole0_ 
    inner join
        ecole ecole1_ 
            on listeecole0_.id_ecole=ecole1_.id 
    where
        listeecole0_.id_prof=?
2022-06-01 12:23:58.025  INFO 2036 --- [           main] o.s.t.c.transaction.TransactionContext   : Rolled back transaction for test: [DefaultTestContext@74eae1e0 testClass = EtudiantRepositoryTests, testInstance = com.inti.SpringRestTD1.repository.EtudiantRepositoryTests@40e90634, testMethod = testGetAllStudentsInCity@EtudiantRepositoryTests, testException = java.lang.StackOverflowError, mergedContextConfiguration = [MergedContextConfiguration@506d7fed testClass = EtudiantRepositoryTests, locations = '{}', classes = '{class com.inti.SpringRestTD1.SpringRestTd1Application}', contextInitializerClasses = '[]', activeProfiles = '{}', propertySourceLocations = '{}', propertySourceProperties = '{org.springframework.boot.test.autoconfigure.orm.jpa.DataJpaTestContextBootstrapper=true}', contextCustomizers = set[[ImportsContextCustomizer@1bdb6b36 key = [org.springframework.boot.test.autoconfigure.jdbc.TestDatabaseAutoConfiguration, org.springframework.boot.autoconfigure.jdbc.DataSourceAutoConfiguration, org.springframework.boot.autoconfigure.cache.CacheAutoConfiguration, org.springframework.boot.autoconfigure.data.jpa.JpaRepositoriesAutoConfiguration, org.springframework.boot.autoconfigure.flyway.FlywayAutoConfiguration, org.springframework.boot.autoconfigure.jdbc.DataSourceTransactionManagerAutoConfiguration, org.springframework.boot.autoconfigure.jdbc.JdbcTemplateAutoConfiguration, org.springframework.boot.autoconfigure.liquibase.LiquibaseAutoConfiguration, org.springframework.boot.autoconfigure.orm.jpa.HibernateJpaAutoConfiguration, org.springframework.boot.autoconfigure.sql.init.SqlInitializationAutoConfiguration, org.springframework.boot.autoconfigure.transaction.TransactionAutoConfiguration, org.springframework.boot.test.autoconfigure.orm.jpa.TestEntityManagerAutoConfiguration]], org.springframework.boot.test.context.filter.ExcludeFilterContextCustomizer@305ffe9e, org.springframework.boot.test.json.DuplicateJsonObjectContextCustomizerFactory$DuplicateJsonObjectContextCustomizer@7ae0a9ec, org.springframework.boot.test.mock.mockito.MockitoContextCustomizer@0, org.springframework.boot.test.autoconfigure.OverrideAutoConfigurationContextCustomizerFactory$DisableAutoConfigurationContextCustomizer@3cce5371, org.springframework.boot.test.autoconfigure.actuate.metrics.MetricsExportContextCustomizerFactory$DisableMetricExportContextCustomizer@338fc1d8, org.springframework.boot.test.autoconfigure.filter.TypeExcludeFiltersContextCustomizer@351584c0, org.springframework.boot.test.autoconfigure.properties.PropertyMappingContextCustomizer@5d66b943, org.springframework.boot.test.autoconfigure.web.servlet.WebDriverContextCustomizerFactory$Customizer@1b66c0fb, org.springframework.boot.test.context.SpringBootTestArgs@1, org.springframework.boot.test.context.SpringBootTestWebEnvironment@0], contextLoader = 'org.springframework.boot.test.context.SpringBootContextLoader', parent = [null]], attributes = map['org.springframework.test.context.event.ApplicationEventsTestExecutionListener.recordApplicationEvents' -> false]]
]]></system-out>
  </testcase>
  <testcase name="testGetAllStudents" classname="com.inti.SpringRestTD1.repository.EtudiantRepositoryTests" time="0.018"/>
  <testcase name="testGetEtudiant" classname="com.inti.SpringRestTD1.repository.EtudiantRepositoryTests" time="0.013"/>
</testsuite>